<?xml version="1.0" ?>
<coverage version="7.11.3" timestamp="1763347169897" lines-valid="0" lines-covered="0" line-rate="1" branches-covered="0" branches-valid="0" branch-rate="0" complexity="0">
	<!-- Generated by coverage.py: https://coverage.readthedocs.io/en/7.11.3 -->
	<!-- Based on https://raw.githubusercontent.com/cobertura/web/master/htdocs/xml/coverage-04.dtd -->
	<sources>
		<source>C:\Users\santiago.cadavid\Documents\challenges\castor java\castor-billing-system\microservice-python</source>
	</sources>
	<packages/>
</coverage>
